********************************************************************************
PACKAGE-LOG: 2014-04-28 13:23:11
NOTICE: Do NOT post to public sites or forums 
********************************************************************************
VERSION:	0.5.2
WORDPRESS:	3.9
PHP INFO:	5.3.25 | SAPI: cgi-fcgi
SERVER:		Apache/2.2.24 (Unix) mod_ssl/2.2.24 OpenSSL/1.0.0-fips mod_bwlimited/1.4 mod_fcgid/2.3.6 
PHP TIME LIMIT: (0) no time limit imposed 
PHP MAX MEMORY: 5000M (128M default) 

********************************************************************************
DATABASE:
********************************************************************************
BUILD MODE:   PHP
MYSQLDUMP:    Not Supported
MYSQLTIMEOUT: 5000 
TABLES: total:28 | filtered:0 | create:28 
FILTERED: [] 
wp_blog_versions (0) 
wp_blogs (1) 
wp_commentmeta (0) 
wp_comments (0) 
wp_duplicator_packages (2) 
wp_links (0) 
wp_options (394) 
wp_postmeta (126) 
wp_posts (31) 
wp_registration_log (0) 
wp_signups (1) 
wp_site (1) 
wp_sitemeta (39) 
wp_term_relationships (9) 
wp_term_taxonomy (17) 
wp_terms (17) 
wp_usermeta (57) 
wp_users (2) 
wp_vtprd_purchase_log (0) 
wp_vtprd_purchase_log_product (0) 
wp_vtprd_purchase_log_product_rule (0) 
wp_woocommerce_attribute_taxonomies (0) 
wp_woocommerce_downloadable_product_permissions (0) 
wp_woocommerce_order_itemmeta (0) 
wp_woocommerce_order_items (0) 
wp_woocommerce_tax_rate_locations (0) 
wp_woocommerce_tax_rates (1) 
wp_woocommerce_termmeta (0) 
SQL CREATED: 20140428_distribuidoragcenlinea_535e563f6e3579646140428132311_database.sql 
SQL FILE SIZE: 564.82KB 
SQL RUNTIME: 0.12 sec. 

******************************************************************************** 
ARCHIVE (ZIP): 
******************************************************************************** 
ARCHIVE DIR:  /home/masrenov/public_html/dev/wp_gc 
ARCHIVE FILE: 20140428_distribuidoragcenlinea_535e563f6e3579646140428132311_archive.zip 
FILTER DIRS:   
FILTER EXTS:   
---------------------------------------- 
SCANNING 
FILTERS *OFF* 
Items archived [1020] flushing response. 
Items archived [2076] flushing response. 
STATS:	Dirs 308 | Files 2468 | Links 0 
SIZE:	58.11MB 
TIME:	14.48 sec. 
---------------------------------------- 
COMPRESSING 
SQL ADDED: 20140428_distribuidoragcenlinea_535e563f6e3579646140428132311_database.sql 
ZipArchive Object
(
    [status] => 0
    [statusSys] => 0
    [numFiles] => 2777
    [filename] => /home/masrenov/public_html/dev/wp_gc/wp-snapshots/tmp/20140428_distribuidoragcenlinea_535e563f6e3579646140428132311_archive.zip
    [comment] => 
)
 
COMPRESSION RESULT: '1' 
COMPRESSED SIZE: 18.75MB 
ARCHIVE RUNTIME: 17.34 sec. 

******************************************************************************** 
INSTALLER: 
******************************************************************************** 
INSTALLER FILE: Build Start 
INSTALLER FILE: Build Finished 
INSTALLER FILE: Preping for use 
INSTALLER FILE: Template parsed with new data 
INSTALLER FILE: Complete [/home/masrenov/public_html/dev/wp_gc/wp-snapshots/tmp/20140428_distribuidoragcenlinea_535e563f6e3579646140428132311_installer.php] 

********************************************************************************
RECORD ID:[3]
FILE SIZE: Archive:18.75MB | SQL:564.82KB | Installer:408.73KB
TOTAL PROCESS RUNTIME: 17.98 sec.
DONE PROCESSING => 20140428_distribuidoragcenlinea 2014-04-28 13:23:29
********************************************************************************
 
